2012-10-24 18:48:40 Error: [MissingControllerException] Controller class ContenidosController could not be found.
#0 /var/www/periodico/app/webroot/index.php(92): Dispatcher->dispatch(Object(CakeRequest), Object(CakeResponse))
#1 {main}
2012-10-24 18:54:01 Error: [MissingControllerException] Controller class ContenidosController could not be found.
#0 /var/www/periodico/app/webroot/index.php(92): Dispatcher->dispatch(Object(CakeRequest), Object(CakeResponse))
#1 {main}
2012-10-24 19:35:14 Error: [MissingActionException] Action ContenidosController::noticias() could not be found.
#0 /var/www/periodico/lib/Cake/Routing/Dispatcher.php(186): Controller->invokeAction(Object(CakeRequest))
#1 /var/www/periodico/lib/Cake/Routing/Dispatcher.php(161): Dispatcher->_invoke(Object(ContenidosController), Object(CakeRequest), Object(CakeResponse))
#2 /var/www/periodico/app/webroot/index.php(92): Dispatcher->dispatch(Object(CakeRequest), Object(CakeResponse))
#3 {main}
2012-10-24 19:35:20 Error: Fatal Error (1): Call to a member function find() on a non-object in [/var/www/periodico/app/Controller/ContenidosController.php, line 50]
2012-10-24 19:35:20 Error: [FatalErrorException] Call to a member function find() on a non-object
#0 /var/www/periodico/lib/Cake/Error/ErrorHandler.php(161): ErrorHandler::handleFatalError(1, 'Call to a membe...', '/var/www/period...', 50)
#1 [internal function]: ErrorHandler::handleError(1, 'Call to a membe...', '/var/www/period...', 50, Array)
#2 /var/www/periodico/lib/Cake/Core/App.php(926): call_user_func('ErrorHandler::h...', 1, 'Call to a membe...', '/var/www/period...', 50, Array)
#3 /var/www/periodico/lib/Cake/Core/App.php(899): App::_checkFatalError()
#4 [internal function]: App::shutdown()
#5 {main}
2012-10-24 19:41:53 Error: [MissingActionException] Action ContenidosController::noticias() could not be found.
#0 /var/www/periodico/lib/Cake/Routing/Dispatcher.php(186): Controller->invokeAction(Object(CakeRequest))
#1 /var/www/periodico/lib/Cake/Routing/Dispatcher.php(161): Dispatcher->_invoke(Object(ContenidosController), Object(CakeRequest), Object(CakeResponse))
#2 /var/www/periodico/app/webroot/index.php(92): Dispatcher->dispatch(Object(CakeRequest), Object(CakeResponse))
#3 {main}
2012-10-24 19:42:04 Error: Fatal Error (1): Call to a member function find() on a non-object in [/var/www/periodico/app/Controller/ContenidosController.php, line 76]
2012-10-24 19:42:04 Error: [FatalErrorException] Call to a member function find() on a non-object
#0 /var/www/periodico/lib/Cake/Error/ErrorHandler.php(161): ErrorHandler::handleFatalError(1, 'Call to a membe...', '/var/www/period...', 76)
#1 [internal function]: ErrorHandler::handleError(1, 'Call to a membe...', '/var/www/period...', 76, Array)
#2 /var/www/periodico/lib/Cake/Core/App.php(926): call_user_func('ErrorHandler::h...', 1, 'Call to a membe...', '/var/www/period...', 76, Array)
#3 /var/www/periodico/lib/Cake/Core/App.php(899): App::_checkFatalError()
#4 [internal function]: App::shutdown()
#5 {main}
2012-10-24 19:47:00 Error: Fatal Error (1): Call to a member function find() on a non-object in [/var/www/periodico/app/Controller/ContenidosController.php, line 76]
2012-10-24 19:47:00 Error: [FatalErrorException] Call to a member function find() on a non-object
#0 /var/www/periodico/lib/Cake/Error/ErrorHandler.php(161): ErrorHandler::handleFatalError(1, 'Call to a membe...', '/var/www/period...', 76)
#1 [internal function]: ErrorHandler::handleError(1, 'Call to a membe...', '/var/www/period...', 76, Array)
#2 /var/www/periodico/lib/Cake/Core/App.php(926): call_user_func('ErrorHandler::h...', 1, 'Call to a membe...', '/var/www/period...', 76, Array)
#3 /var/www/periodico/lib/Cake/Core/App.php(899): App::_checkFatalError()
#4 [internal function]: App::shutdown()
#5 {main}
2012-10-24 19:47:01 Error: Fatal Error (1): Call to a member function find() on a non-object in [/var/www/periodico/app/Controller/ContenidosController.php, line 76]
2012-10-24 19:47:01 Error: [FatalErrorException] Call to a member function find() on a non-object
#0 /var/www/periodico/lib/Cake/Error/ErrorHandler.php(161): ErrorHandler::handleFatalError(1, 'Call to a membe...', '/var/www/period...', 76)
#1 [internal function]: ErrorHandler::handleError(1, 'Call to a membe...', '/var/www/period...', 76, Array)
#2 /var/www/periodico/lib/Cake/Core/App.php(926): call_user_func('ErrorHandler::h...', 1, 'Call to a membe...', '/var/www/period...', 76, Array)
#3 /var/www/periodico/lib/Cake/Core/App.php(899): App::_checkFatalError()
#4 [internal function]: App::shutdown()
#5 {main}
2012-10-24 19:47:01 Error: Fatal Error (1): Call to a member function find() on a non-object in [/var/www/periodico/app/Controller/ContenidosController.php, line 76]
2012-10-24 19:47:01 Error: [FatalErrorException] Call to a member function find() on a non-object
#0 /var/www/periodico/lib/Cake/Error/ErrorHandler.php(161): ErrorHandler::handleFatalError(1, 'Call to a membe...', '/var/www/period...', 76)
#1 [internal function]: ErrorHandler::handleError(1, 'Call to a membe...', '/var/www/period...', 76, Array)
#2 /var/www/periodico/lib/Cake/Core/App.php(926): call_user_func('ErrorHandler::h...', 1, 'Call to a membe...', '/var/www/period...', 76, Array)
#3 /var/www/periodico/lib/Cake/Core/App.php(899): App::_checkFatalError()
#4 [internal function]: App::shutdown()
#5 {main}
2012-10-24 19:47:01 Error: Fatal Error (1): Call to a member function find() on a non-object in [/var/www/periodico/app/Controller/ContenidosController.php, line 76]
2012-10-24 19:47:01 Error: [FatalErrorException] Call to a member function find() on a non-object
#0 /var/www/periodico/lib/Cake/Error/ErrorHandler.php(161): ErrorHandler::handleFatalError(1, 'Call to a membe...', '/var/www/period...', 76)
#1 [internal function]: ErrorHandler::handleError(1, 'Call to a membe...', '/var/www/period...', 76, Array)
#2 /var/www/periodico/lib/Cake/Core/App.php(926): call_user_func('ErrorHandler::h...', 1, 'Call to a membe...', '/var/www/period...', 76, Array)
#3 /var/www/periodico/lib/Cake/Core/App.php(899): App::_checkFatalError()
#4 [internal function]: App::shutdown()
#5 {main}
2012-10-24 19:47:02 Error: Fatal Error (1): Call to a member function find() on a non-object in [/var/www/periodico/app/Controller/ContenidosController.php, line 76]
2012-10-24 19:47:02 Error: [FatalErrorException] Call to a member function find() on a non-object
#0 /var/www/periodico/lib/Cake/Error/ErrorHandler.php(161): ErrorHandler::handleFatalError(1, 'Call to a membe...', '/var/www/period...', 76)
#1 [internal function]: ErrorHandler::handleError(1, 'Call to a membe...', '/var/www/period...', 76, Array)
#2 /var/www/periodico/lib/Cake/Core/App.php(926): call_user_func('ErrorHandler::h...', 1, 'Call to a membe...', '/var/www/period...', 76, Array)
#3 /var/www/periodico/lib/Cake/Core/App.php(899): App::_checkFatalError()
#4 [internal function]: App::shutdown()
#5 {main}
2012-10-24 19:47:04 Error: Fatal Error (1): Call to a member function find() on a non-object in [/var/www/periodico/app/Controller/ContenidosController.php, line 76]
2012-10-24 19:47:04 Error: [FatalErrorException] Call to a member function find() on a non-object
#0 /var/www/periodico/lib/Cake/Error/ErrorHandler.php(161): ErrorHandler::handleFatalError(1, 'Call to a membe...', '/var/www/period...', 76)
#1 [internal function]: ErrorHandler::handleError(1, 'Call to a membe...', '/var/www/period...', 76, Array)
#2 /var/www/periodico/lib/Cake/Core/App.php(926): call_user_func('ErrorHandler::h...', 1, 'Call to a membe...', '/var/www/period...', 76, Array)
#3 /var/www/periodico/lib/Cake/Core/App.php(899): App::_checkFatalError()
#4 [internal function]: App::shutdown()
#5 {main}
2012-10-24 19:49:52 Error: [MissingActionException] Action ContenidosController::noticias() could not be found.
#0 /var/www/periodico/lib/Cake/Routing/Dispatcher.php(186): Controller->invokeAction(Object(CakeRequest))
#1 /var/www/periodico/lib/Cake/Routing/Dispatcher.php(161): Dispatcher->_invoke(Object(ContenidosController), Object(CakeRequest), Object(CakeResponse))
#2 /var/www/periodico/app/webroot/index.php(92): Dispatcher->dispatch(Object(CakeRequest), Object(CakeResponse))
#3 {main}
2012-10-24 19:50:15 Error: [MissingViewException] View file "/var/www/periodico/app/View/Contenidos/noticias.ctp" is missing.
#0 /var/www/periodico/lib/Cake/View/View.php(473): View->_getViewFileName(NULL)
#1 /var/www/periodico/lib/Cake/Controller/Controller.php(956): View->render(NULL, NULL)
#2 /var/www/periodico/lib/Cake/Routing/Dispatcher.php(193): Controller->render()
#3 /var/www/periodico/lib/Cake/Routing/Dispatcher.php(161): Dispatcher->_invoke(Object(ContenidosController), Object(CakeRequest), Object(CakeResponse))
#4 /var/www/periodico/app/webroot/index.php(92): Dispatcher->dispatch(Object(CakeRequest), Object(CakeResponse))
#5 {main}
2012-10-24 19:50:35 Error: [MissingViewException] View file "/var/www/periodico/app/View/Contenidos/noticias.ctp" is missing.
#0 /var/www/periodico/lib/Cake/View/View.php(473): View->_getViewFileName(NULL)
#1 /var/www/periodico/lib/Cake/Controller/Controller.php(956): View->render(NULL, NULL)
#2 /var/www/periodico/lib/Cake/Routing/Dispatcher.php(193): Controller->render()
#3 /var/www/periodico/lib/Cake/Routing/Dispatcher.php(161): Dispatcher->_invoke(Object(ContenidosController), Object(CakeRequest), Object(CakeResponse))
#4 /var/www/periodico/app/webroot/index.php(92): Dispatcher->dispatch(Object(CakeRequest), Object(CakeResponse))
#5 {main}
2012-10-24 19:50:37 Error: [MissingViewException] View file "/var/www/periodico/app/View/Contenidos/noticias.ctp" is missing.
#0 /var/www/periodico/lib/Cake/View/View.php(473): View->_getViewFileName(NULL)
#1 /var/www/periodico/lib/Cake/Controller/Controller.php(956): View->render(NULL, NULL)
#2 /var/www/periodico/lib/Cake/Routing/Dispatcher.php(193): Controller->render()
#3 /var/www/periodico/lib/Cake/Routing/Dispatcher.php(161): Dispatcher->_invoke(Object(ContenidosController), Object(CakeRequest), Object(CakeResponse))
#4 /var/www/periodico/app/webroot/index.php(92): Dispatcher->dispatch(Object(CakeRequest), Object(CakeResponse))
#5 {main}
2012-10-24 19:51:04 Error: [MissingActionException] Action ContenidosController::img() could not be found.
#0 /var/www/periodico/lib/Cake/Routing/Dispatcher.php(186): Controller->invokeAction(Object(CakeRequest))
#1 /var/www/periodico/lib/Cake/Routing/Dispatcher.php(161): Dispatcher->_invoke(Object(ContenidosController), Object(CakeRequest), Object(CakeResponse))
#2 /var/www/periodico/app/webroot/index.php(92): Dispatcher->dispatch(Object(CakeRequest), Object(CakeResponse))
#3 {main}
2012-10-24 19:51:04 Error: [MissingActionException] Action ContenidosController::img() could not be found.
#0 /var/www/periodico/lib/Cake/Routing/Dispatcher.php(186): Controller->invokeAction(Object(CakeRequest))
#1 /var/www/periodico/lib/Cake/Routing/Dispatcher.php(161): Dispatcher->_invoke(Object(ContenidosController), Object(CakeRequest), Object(CakeResponse))
#2 /var/www/periodico/app/webroot/index.php(92): Dispatcher->dispatch(Object(CakeRequest), Object(CakeResponse))
#3 {main}
2012-10-24 19:51:04 Error: [MissingActionException] Action ContenidosController::img() could not be found.
#0 /var/www/periodico/lib/Cake/Routing/Dispatcher.php(186): Controller->invokeAction(Object(CakeRequest))
#1 /var/www/periodico/lib/Cake/Routing/Dispatcher.php(161): Dispatcher->_invoke(Object(ContenidosController), Object(CakeRequest), Object(CakeResponse))
#2 /var/www/periodico/app/webroot/index.php(92): Dispatcher->dispatch(Object(CakeRequest), Object(CakeResponse))
#3 {main}
2012-10-24 19:51:04 Error: [MissingActionException] Action ContenidosController::img() could not be found.
#0 /var/www/periodico/lib/Cake/Routing/Dispatcher.php(186): Controller->invokeAction(Object(CakeRequest))
#1 /var/www/periodico/lib/Cake/Routing/Dispatcher.php(161): Dispatcher->_invoke(Object(ContenidosController), Object(CakeRequest), Object(CakeResponse))
#2 /var/www/periodico/app/webroot/index.php(92): Dispatcher->dispatch(Object(CakeRequest), Object(CakeResponse))
#3 {main}
2012-10-24 19:51:04 Error: [MissingActionException] Action ContenidosController::img() could not be found.
#0 /var/www/periodico/lib/Cake/Routing/Dispatcher.php(186): Controller->invokeAction(Object(CakeRequest))
#1 /var/www/periodico/lib/Cake/Routing/Dispatcher.php(161): Dispatcher->_invoke(Object(ContenidosController), Object(CakeRequest), Object(CakeResponse))
#2 /var/www/periodico/app/webroot/index.php(92): Dispatcher->dispatch(Object(CakeRequest), Object(CakeResponse))
#3 {main}
2012-10-24 19:51:05 Error: [MissingActionException] Action ContenidosController::img() could not be found.
#0 /var/www/periodico/lib/Cake/Routing/Dispatcher.php(186): Controller->invokeAction(Object(CakeRequest))
#1 /var/www/periodico/lib/Cake/Routing/Dispatcher.php(161): Dispatcher->_invoke(Object(ContenidosController), Object(CakeRequest), Object(CakeResponse))
#2 /var/www/periodico/app/webroot/index.php(92): Dispatcher->dispatch(Object(CakeRequest), Object(CakeResponse))
#3 {main}
2012-10-24 19:51:05 Error: [MissingActionException] Action ContenidosController::img() could not be found.
#0 /var/www/periodico/lib/Cake/Routing/Dispatcher.php(186): Controller->invokeAction(Object(CakeRequest))
#1 /var/www/periodico/lib/Cake/Routing/Dispatcher.php(161): Dispatcher->_invoke(Object(ContenidosController), Object(CakeRequest), Object(CakeResponse))
#2 /var/www/periodico/app/webroot/index.php(92): Dispatcher->dispatch(Object(CakeRequest), Object(CakeResponse))
#3 {main}
2012-10-24 19:51:05 Error: [MissingActionException] Action ContenidosController::img() could not be found.
#0 /var/www/periodico/lib/Cake/Routing/Dispatcher.php(186): Controller->invokeAction(Object(CakeRequest))
#1 /var/www/periodico/lib/Cake/Routing/Dispatcher.php(161): Dispatcher->_invoke(Object(ContenidosController), Object(CakeRequest), Object(CakeResponse))
#2 /var/www/periodico/app/webroot/index.php(92): Dispatcher->dispatch(Object(CakeRequest), Object(CakeResponse))
#3 {main}
2012-10-24 19:52:35 Error: [MissingActionException] Action ContenidosController::img() could not be found.
#0 /var/www/periodico/lib/Cake/Routing/Dispatcher.php(186): Controller->invokeAction(Object(CakeRequest))
#1 /var/www/periodico/lib/Cake/Routing/Dispatcher.php(161): Dispatcher->_invoke(Object(ContenidosController), Object(CakeRequest), Object(CakeResponse))
#2 /var/www/periodico/app/webroot/index.php(92): Dispatcher->dispatch(Object(CakeRequest), Object(CakeResponse))
#3 {main}
2012-10-24 19:52:35 Error: [MissingActionException] Action ContenidosController::img() could not be found.
#0 /var/www/periodico/lib/Cake/Routing/Dispatcher.php(186): Controller->invokeAction(Object(CakeRequest))
#1 /var/www/periodico/lib/Cake/Routing/Dispatcher.php(161): Dispatcher->_invoke(Object(ContenidosController), Object(CakeRequest), Object(CakeResponse))
#2 /var/www/periodico/app/webroot/index.php(92): Dispatcher->dispatch(Object(CakeRequest), Object(CakeResponse))
#3 {main}
2012-10-24 19:52:35 Error: [MissingActionException] Action ContenidosController::img() could not be found.
#0 /var/www/periodico/lib/Cake/Routing/Dispatcher.php(186): Controller->invokeAction(Object(CakeRequest))
#1 /var/www/periodico/lib/Cake/Routing/Dispatcher.php(161): Dispatcher->_invoke(Object(ContenidosController), Object(CakeRequest), Object(CakeResponse))
#2 /var/www/periodico/app/webroot/index.php(92): Dispatcher->dispatch(Object(CakeRequest), Object(CakeResponse))
#3 {main}
2012-10-24 19:52:35 Error: [MissingActionException] Action ContenidosController::img() could not be found.
#0 /var/www/periodico/lib/Cake/Routing/Dispatcher.php(186): Controller->invokeAction(Object(CakeRequest))
#1 /var/www/periodico/lib/Cake/Routing/Dispatcher.php(161): Dispatcher->_invoke(Object(ContenidosController), Object(CakeRequest), Object(CakeResponse))
#2 /var/www/periodico/app/webroot/index.php(92): Dispatcher->dispatch(Object(CakeRequest), Object(CakeResponse))
#3 {main}
2012-10-24 19:52:35 Error: [MissingActionException] Action ContenidosController::img() could not be found.
#0 /var/www/periodico/lib/Cake/Routing/Dispatcher.php(186): Controller->invokeAction(Object(CakeRequest))
#1 /var/www/periodico/lib/Cake/Routing/Dispatcher.php(161): Dispatcher->_invoke(Object(ContenidosController), Object(CakeRequest), Object(CakeResponse))
#2 /var/www/periodico/app/webroot/index.php(92): Dispatcher->dispatch(Object(CakeRequest), Object(CakeResponse))
#3 {main}
2012-10-24 19:52:35 Error: [MissingActionException] Action ContenidosController::img() could not be found.
#0 /var/www/periodico/lib/Cake/Routing/Dispatcher.php(186): Controller->invokeAction(Object(CakeRequest))
#1 /var/www/periodico/lib/Cake/Routing/Dispatcher.php(161): Dispatcher->_invoke(Object(ContenidosController), Object(CakeRequest), Object(CakeResponse))
#2 /var/www/periodico/app/webroot/index.php(92): Dispatcher->dispatch(Object(CakeRequest), Object(CakeResponse))
#3 {main}
2012-10-24 19:52:35 Error: [MissingActionException] Action ContenidosController::img() could not be found.
#0 /var/www/periodico/lib/Cake/Routing/Dispatcher.php(186): Controller->invokeAction(Object(CakeRequest))
#1 /var/www/periodico/lib/Cake/Routing/Dispatcher.php(161): Dispatcher->_invoke(Object(ContenidosController), Object(CakeRequest), Object(CakeResponse))
#2 /var/www/periodico/app/webroot/index.php(92): Dispatcher->dispatch(Object(CakeRequest), Object(CakeResponse))
#3 {main}
2012-10-24 19:52:35 Error: [MissingActionException] Action ContenidosController::img() could not be found.
#0 /var/www/periodico/lib/Cake/Routing/Dispatcher.php(186): Controller->invokeAction(Object(CakeRequest))
#1 /var/www/periodico/lib/Cake/Routing/Dispatcher.php(161): Dispatcher->_invoke(Object(ContenidosController), Object(CakeRequest), Object(CakeResponse))
#2 /var/www/periodico/app/webroot/index.php(92): Dispatcher->dispatch(Object(CakeRequest), Object(CakeResponse))
#3 {main}
2012-10-24 19:55:15 Error: [MissingActionException] Action ContenidosController::img() could not be found.
#0 /var/www/periodico/lib/Cake/Routing/Dispatcher.php(186): Controller->invokeAction(Object(CakeRequest))
#1 /var/www/periodico/lib/Cake/Routing/Dispatcher.php(161): Dispatcher->_invoke(Object(ContenidosController), Object(CakeRequest), Object(CakeResponse))
#2 /var/www/periodico/app/webroot/index.php(92): Dispatcher->dispatch(Object(CakeRequest), Object(CakeResponse))
#3 {main}
2012-10-24 19:55:15 Error: [MissingActionException] Action ContenidosController::img() could not be found.
#0 /var/www/periodico/lib/Cake/Routing/Dispatcher.php(186): Controller->invokeAction(Object(CakeRequest))
#1 /var/www/periodico/lib/Cake/Routing/Dispatcher.php(161): Dispatcher->_invoke(Object(ContenidosController), Object(CakeRequest), Object(CakeResponse))
#2 /var/www/periodico/app/webroot/index.php(92): Dispatcher->dispatch(Object(CakeRequest), Object(CakeResponse))
#3 {main}
2012-10-24 19:55:15 Error: [MissingActionException] Action ContenidosController::img() could not be found.
#0 /var/www/periodico/lib/Cake/Routing/Dispatcher.php(186): Controller->invokeAction(Object(CakeRequest))
#1 /var/www/periodico/lib/Cake/Routing/Dispatcher.php(161): Dispatcher->_invoke(Object(ContenidosController), Object(CakeRequest), Object(CakeResponse))
#2 /var/www/periodico/app/webroot/index.php(92): Dispatcher->dispatch(Object(CakeRequest), Object(CakeResponse))
#3 {main}
2012-10-24 19:55:15 Error: [MissingActionException] Action ContenidosController::img() could not be found.
#0 /var/www/periodico/lib/Cake/Routing/Dispatcher.php(186): Controller->invokeAction(Object(CakeRequest))
#1 /var/www/periodico/lib/Cake/Routing/Dispatcher.php(161): Dispatcher->_invoke(Object(ContenidosController), Object(CakeRequest), Object(CakeResponse))
#2 /var/www/periodico/app/webroot/index.php(92): Dispatcher->dispatch(Object(CakeRequest), Object(CakeResponse))
#3 {main}
2012-10-24 19:55:15 Error: [MissingActionException] Action ContenidosController::img() could not be found.
#0 /var/www/periodico/lib/Cake/Routing/Dispatcher.php(186): Controller->invokeAction(Object(CakeRequest))
#1 /var/www/periodico/lib/Cake/Routing/Dispatcher.php(161): Dispatcher->_invoke(Object(ContenidosController), Object(CakeRequest), Object(CakeResponse))
#2 /var/www/periodico/app/webroot/index.php(92): Dispatcher->dispatch(Object(CakeRequest), Object(CakeResponse))
#3 {main}
2012-10-24 19:55:15 Error: [MissingActionException] Action ContenidosController::img() could not be found.
#0 /var/www/periodico/lib/Cake/Routing/Dispatcher.php(186): Controller->invokeAction(Object(CakeRequest))
#1 /var/www/periodico/lib/Cake/Routing/Dispatcher.php(161): Dispatcher->_invoke(Object(ContenidosController), Object(CakeRequest), Object(CakeResponse))
#2 /var/www/periodico/app/webroot/index.php(92): Dispatcher->dispatch(Object(CakeRequest), Object(CakeResponse))
#3 {main}
2012-10-24 19:55:15 Error: [MissingActionException] Action ContenidosController::img() could not be found.
#0 /var/www/periodico/lib/Cake/Routing/Dispatcher.php(186): Controller->invokeAction(Object(CakeRequest))
#1 /var/www/periodico/lib/Cake/Routing/Dispatcher.php(161): Dispatcher->_invoke(Object(ContenidosController), Object(CakeRequest), Object(CakeResponse))
#2 /var/www/periodico/app/webroot/index.php(92): Dispatcher->dispatch(Object(CakeRequest), Object(CakeResponse))
#3 {main}
2012-10-24 19:55:15 Error: [MissingActionException] Action ContenidosController::img() could not be found.
#0 /var/www/periodico/lib/Cake/Routing/Dispatcher.php(186): Controller->invokeAction(Object(CakeRequest))
#1 /var/www/periodico/lib/Cake/Routing/Dispatcher.php(161): Dispatcher->_invoke(Object(ContenidosController), Object(CakeRequest), Object(CakeResponse))
#2 /var/www/periodico/app/webroot/index.php(92): Dispatcher->dispatch(Object(CakeRequest), Object(CakeResponse))
#3 {main}
2012-10-24 19:55:15 Error: [MissingActionException] Action ContenidosController::img() could not be found.
#0 /var/www/periodico/lib/Cake/Routing/Dispatcher.php(186): Controller->invokeAction(Object(CakeRequest))
#1 /var/www/periodico/lib/Cake/Routing/Dispatcher.php(161): Dispatcher->_invoke(Object(ContenidosController), Object(CakeRequest), Object(CakeResponse))
#2 /var/www/periodico/app/webroot/index.php(92): Dispatcher->dispatch(Object(CakeRequest), Object(CakeResponse))
#3 {main}
2012-10-24 19:56:04 Error: [MissingActionException] Action ContenidosController::img() could not be found.
#0 /var/www/periodico/lib/Cake/Routing/Dispatcher.php(186): Controller->invokeAction(Object(CakeRequest))
#1 /var/www/periodico/lib/Cake/Routing/Dispatcher.php(161): Dispatcher->_invoke(Object(ContenidosController), Object(CakeRequest), Object(CakeResponse))
#2 /var/www/periodico/app/webroot/index.php(92): Dispatcher->dispatch(Object(CakeRequest), Object(CakeResponse))
#3 {main}
2012-10-24 19:56:04 Error: [MissingActionException] Action ContenidosController::img() could not be found.
#0 /var/www/periodico/lib/Cake/Routing/Dispatcher.php(186): Controller->invokeAction(Object(CakeRequest))
#1 /var/www/periodico/lib/Cake/Routing/Dispatcher.php(161): Dispatcher->_invoke(Object(ContenidosController), Object(CakeRequest), Object(CakeResponse))
#2 /var/www/periodico/app/webroot/index.php(92): Dispatcher->dispatch(Object(CakeRequest), Object(CakeResponse))
#3 {main}
2012-10-24 19:56:04 Error: [MissingActionException] Action ContenidosController::img() could not be found.
#0 /var/www/periodico/lib/Cake/Routing/Dispatcher.php(186): Controller->invokeAction(Object(CakeRequest))
#1 /var/www/periodico/lib/Cake/Routing/Dispatcher.php(161): Dispatcher->_invoke(Object(ContenidosController), Object(CakeRequest), Object(CakeResponse))
#2 /var/www/periodico/app/webroot/index.php(92): Dispatcher->dispatch(Object(CakeRequest), Object(CakeResponse))
#3 {main}
2012-10-24 19:56:03 Error: [MissingActionException] Action ContenidosController::img() could not be found.
#0 /var/www/periodico/lib/Cake/Routing/Dispatcher.php(186): Controller->invokeAction(Object(CakeRequest))
#1 /var/www/periodico/lib/Cake/Routing/Dispatcher.php(161): Dispatcher->_invoke(Object(ContenidosController), Object(CakeRequest), Object(CakeResponse))
#2 /var/www/periodico/app/webroot/index.php(92): Dispatcher->dispatch(Object(CakeRequest), Object(CakeResponse))
#3 {main}
2012-10-24 19:56:04 Error: [MissingActionException] Action ContenidosController::img() could not be found.
#0 /var/www/periodico/lib/Cake/Routing/Dispatcher.php(186): Controller->invokeAction(Object(CakeRequest))
#1 /var/www/periodico/lib/Cake/Routing/Dispatcher.php(161): Dispatcher->_invoke(Object(ContenidosController), Object(CakeRequest), Object(CakeResponse))
#2 /var/www/periodico/app/webroot/index.php(92): Dispatcher->dispatch(Object(CakeRequest), Object(CakeResponse))
#3 {main}
2012-10-24 19:56:04 Error: [MissingActionException] Action ContenidosController::img() could not be found.
#0 /var/www/periodico/lib/Cake/Routing/Dispatcher.php(186): Controller->invokeAction(Object(CakeRequest))
#1 /var/www/periodico/lib/Cake/Routing/Dispatcher.php(161): Dispatcher->_invoke(Object(ContenidosController), Object(CakeRequest), Object(CakeResponse))
#2 /var/www/periodico/app/webroot/index.php(92): Dispatcher->dispatch(Object(CakeRequest), Object(CakeResponse))
#3 {main}
2012-10-24 19:56:04 Error: [MissingActionException] Action ContenidosController::img() could not be found.
#0 /var/www/periodico/lib/Cake/Routing/Dispatcher.php(186): Controller->invokeAction(Object(CakeRequest))
#1 /var/www/periodico/lib/Cake/Routing/Dispatcher.php(161): Dispatcher->_invoke(Object(ContenidosController), Object(CakeRequest), Object(CakeResponse))
#2 /var/www/periodico/app/webroot/index.php(92): Dispatcher->dispatch(Object(CakeRequest), Object(CakeResponse))
#3 {main}
2012-10-24 19:56:04 Error: [MissingActionException] Action ContenidosController::img() could not be found.
#0 /var/www/periodico/lib/Cake/Routing/Dispatcher.php(186): Controller->invokeAction(Object(CakeRequest))
#1 /var/www/periodico/lib/Cake/Routing/Dispatcher.php(161): Dispatcher->_invoke(Object(ContenidosController), Object(CakeRequest), Object(CakeResponse))
#2 /var/www/periodico/app/webroot/index.php(92): Dispatcher->dispatch(Object(CakeRequest), Object(CakeResponse))
#3 {main}
2012-10-24 19:58:09 Error: [MissingActionException] Action ContenidosController::img() could not be found.
#0 /var/www/periodico/lib/Cake/Routing/Dispatcher.php(186): Controller->invokeAction(Object(CakeRequest))
#1 /var/www/periodico/lib/Cake/Routing/Dispatcher.php(161): Dispatcher->_invoke(Object(ContenidosController), Object(CakeRequest), Object(CakeResponse))
#2 /var/www/periodico/app/webroot/index.php(92): Dispatcher->dispatch(Object(CakeRequest), Object(CakeResponse))
#3 {main}
2012-10-24 19:58:09 Error: [MissingActionException] Action ContenidosController::img() could not be found.
#0 /var/www/periodico/lib/Cake/Routing/Dispatcher.php(186): Controller->invokeAction(Object(CakeRequest))
#1 /var/www/periodico/lib/Cake/Routing/Dispatcher.php(161): Dispatcher->_invoke(Object(ContenidosController), Object(CakeRequest), Object(CakeResponse))
#2 /var/www/periodico/app/webroot/index.php(92): Dispatcher->dispatch(Object(CakeRequest), Object(CakeResponse))
#3 {main}
2012-10-24 19:58:09 Error: [MissingActionException] Action ContenidosController::img() could not be found.
#0 /var/www/periodico/lib/Cake/Routing/Dispatcher.php(186): Controller->invokeAction(Object(CakeRequest))
#1 /var/www/periodico/lib/Cake/Routing/Dispatcher.php(161): Dispatcher->_invoke(Object(ContenidosController), Object(CakeRequest), Object(CakeResponse))
#2 /var/www/periodico/app/webroot/index.php(92): Dispatcher->dispatch(Object(CakeRequest), Object(CakeResponse))
#3 {main}
2012-10-24 19:58:09 Error: [MissingActionException] Action ContenidosController::img() could not be found.
#0 /var/www/periodico/lib/Cake/Routing/Dispatcher.php(186): Controller->invokeAction(Object(CakeRequest))
#1 /var/www/periodico/lib/Cake/Routing/Dispatcher.php(161): Dispatcher->_invoke(Object(ContenidosController), Object(CakeRequest), Object(CakeResponse))
#2 /var/www/periodico/app/webroot/index.php(92): Dispatcher->dispatch(Object(CakeRequest), Object(CakeResponse))
#3 {main}
2012-10-24 19:58:10 Error: [MissingActionException] Action ContenidosController::img() could not be found.
#0 /var/www/periodico/lib/Cake/Routing/Dispatcher.php(186): Controller->invokeAction(Object(CakeRequest))
#1 /var/www/periodico/lib/Cake/Routing/Dispatcher.php(161): Dispatcher->_invoke(Object(ContenidosController), Object(CakeRequest), Object(CakeResponse))
#2 /var/www/periodico/app/webroot/index.php(92): Dispatcher->dispatch(Object(CakeRequest), Object(CakeResponse))
#3 {main}
2012-10-24 19:58:10 Error: [MissingControllerException] Controller class ImgController could not be found.
#0 /var/www/periodico/app/webroot/index.php(92): Dispatcher->dispatch(Object(CakeRequest), Object(CakeResponse))
#1 {main}
2012-10-24 19:58:10 Error: [MissingControllerException] Controller class ImgController could not be found.
#0 /var/www/periodico/app/webroot/index.php(92): Dispatcher->dispatch(Object(CakeRequest), Object(CakeResponse))
#1 {main}
2012-10-24 19:58:10 Error: [MissingActionException] Action ContenidosController::img() could not be found.
#0 /var/www/periodico/lib/Cake/Routing/Dispatcher.php(186): Controller->invokeAction(Object(CakeRequest))
#1 /var/www/periodico/lib/Cake/Routing/Dispatcher.php(161): Dispatcher->_invoke(Object(ContenidosController), Object(CakeRequest), Object(CakeResponse))
#2 /var/www/periodico/app/webroot/index.php(92): Dispatcher->dispatch(Object(CakeRequest), Object(CakeResponse))
#3 {main}
2012-10-24 19:58:10 Error: [MissingActionException] Action ContenidosController::img() could not be found.
#0 /var/www/periodico/lib/Cake/Routing/Dispatcher.php(186): Controller->invokeAction(Object(CakeRequest))
#1 /var/www/periodico/lib/Cake/Routing/Dispatcher.php(161): Dispatcher->_invoke(Object(ContenidosController), Object(CakeRequest), Object(CakeResponse))
#2 /var/www/periodico/app/webroot/index.php(92): Dispatcher->dispatch(Object(CakeRequest), Object(CakeResponse))
#3 {main}
2012-10-24 19:58:10 Error: [MissingActionException] Action ContenidosController::img() could not be found.
#0 /var/www/periodico/lib/Cake/Routing/Dispatcher.php(186): Controller->invokeAction(Object(CakeRequest))
#1 /var/www/periodico/lib/Cake/Routing/Dispatcher.php(161): Dispatcher->_invoke(Object(ContenidosController), Object(CakeRequest), Object(CakeResponse))
#2 /var/www/periodico/app/webroot/index.php(92): Dispatcher->dispatch(Object(CakeRequest), Object(CakeResponse))
#3 {main}
2012-10-24 19:59:10 Error: [MissingActionException] Action ContenidosController::img() could not be found.
#0 /var/www/periodico/lib/Cake/Routing/Dispatcher.php(186): Controller->invokeAction(Object(CakeRequest))
#1 /var/www/periodico/lib/Cake/Routing/Dispatcher.php(161): Dispatcher->_invoke(Object(ContenidosController), Object(CakeRequest), Object(CakeResponse))
#2 /var/www/periodico/app/webroot/index.php(92): Dispatcher->dispatch(Object(CakeRequest), Object(CakeResponse))
#3 {main}
2012-10-24 19:59:10 Error: [MissingActionException] Action ContenidosController::img() could not be found.
#0 /var/www/periodico/lib/Cake/Routing/Dispatcher.php(186): Controller->invokeAction(Object(CakeRequest))
#1 /var/www/periodico/lib/Cake/Routing/Dispatcher.php(161): Dispatcher->_invoke(Object(ContenidosController), Object(CakeRequest), Object(CakeResponse))
#2 /var/www/periodico/app/webroot/index.php(92): Dispatcher->dispatch(Object(CakeRequest), Object(CakeResponse))
#3 {main}
2012-10-24 19:59:10 Error: [MissingActionException] Action ContenidosController::img() could not be found.
#0 /var/www/periodico/lib/Cake/Routing/Dispatcher.php(186): Controller->invokeAction(Object(CakeRequest))
#1 /var/www/periodico/lib/Cake/Routing/Dispatcher.php(161): Dispatcher->_invoke(Object(ContenidosController), Object(CakeRequest), Object(CakeResponse))
#2 /var/www/periodico/app/webroot/index.php(92): Dispatcher->dispatch(Object(CakeRequest), Object(CakeResponse))
#3 {main}
2012-10-24 19:59:10 Error: [MissingActionException] Action ContenidosController::img() could not be found.
#0 /var/www/periodico/lib/Cake/Routing/Dispatcher.php(186): Controller->invokeAction(Object(CakeRequest))
#1 /var/www/periodico/lib/Cake/Routing/Dispatcher.php(161): Dispatcher->_invoke(Object(ContenidosController), Object(CakeRequest), Object(CakeResponse))
#2 /var/www/periodico/app/webroot/index.php(92): Dispatcher->dispatch(Object(CakeRequest), Object(CakeResponse))
#3 {main}
2012-10-24 19:59:10 Error: [MissingActionException] Action ContenidosController::img() could not be found.
#0 /var/www/periodico/lib/Cake/Routing/Dispatcher.php(186): Controller->invokeAction(Object(CakeRequest))
#1 /var/www/periodico/lib/Cake/Routing/Dispatcher.php(161): Dispatcher->_invoke(Object(ContenidosController), Object(CakeRequest), Object(CakeResponse))
#2 /var/www/periodico/app/webroot/index.php(92): Dispatcher->dispatch(Object(CakeRequest), Object(CakeResponse))
#3 {main}
2012-10-24 19:59:10 Error: [MissingActionException] Action ContenidosController::img() could not be found.
#0 /var/www/periodico/lib/Cake/Routing/Dispatcher.php(186): Controller->invokeAction(Object(CakeRequest))
#1 /var/www/periodico/lib/Cake/Routing/Dispatcher.php(161): Dispatcher->_invoke(Object(ContenidosController), Object(CakeRequest), Object(CakeResponse))
#2 /var/www/periodico/app/webroot/index.php(92): Dispatcher->dispatch(Object(CakeRequest), Object(CakeResponse))
#3 {main}
2012-10-24 19:59:10 Error: [MissingActionException] Action ContenidosController::img() could not be found.
#0 /var/www/periodico/lib/Cake/Routing/Dispatcher.php(186): Controller->invokeAction(Object(CakeRequest))
#1 /var/www/periodico/lib/Cake/Routing/Dispatcher.php(161): Dispatcher->_invoke(Object(ContenidosController), Object(CakeRequest), Object(CakeResponse))
#2 /var/www/periodico/app/webroot/index.php(92): Dispatcher->dispatch(Object(CakeRequest), Object(CakeResponse))
#3 {main}
2012-10-24 19:59:10 Error: [MissingActionException] Action ContenidosController::img() could not be found.
#0 /var/www/periodico/lib/Cake/Routing/Dispatcher.php(186): Controller->invokeAction(Object(CakeRequest))
#1 /var/www/periodico/lib/Cake/Routing/Dispatcher.php(161): Dispatcher->_invoke(Object(ContenidosController), Object(CakeRequest), Object(CakeResponse))
#2 /var/www/periodico/app/webroot/index.php(92): Dispatcher->dispatch(Object(CakeRequest), Object(CakeResponse))
#3 {main}
2012-10-24 22:01:40 Error: [MissingActionException] Action ContenidosController::clasificados() could not be found.
#0 /var/www/periodico/lib/Cake/Routing/Dispatcher.php(186): Controller->invokeAction(Object(CakeRequest))
#1 /var/www/periodico/lib/Cake/Routing/Dispatcher.php(161): Dispatcher->_invoke(Object(ContenidosController), Object(CakeRequest), Object(CakeResponse))
#2 /var/www/periodico/app/webroot/index.php(92): Dispatcher->dispatch(Object(CakeRequest), Object(CakeResponse))
#3 {main}
2012-10-24 22:01:43 Error: [MissingActionException] Action ContenidosController::clasificados() could not be found.
#0 /var/www/periodico/lib/Cake/Routing/Dispatcher.php(186): Controller->invokeAction(Object(CakeRequest))
#1 /var/www/periodico/lib/Cake/Routing/Dispatcher.php(161): Dispatcher->_invoke(Object(ContenidosController), Object(CakeRequest), Object(CakeResponse))
#2 /var/www/periodico/app/webroot/index.php(92): Dispatcher->dispatch(Object(CakeRequest), Object(CakeResponse))
#3 {main}
2012-10-24 22:01:47 Error: [MissingActionException] Action ContenidosController::img() could not be found.
#0 /var/www/periodico/lib/Cake/Routing/Dispatcher.php(186): Controller->invokeAction(Object(CakeRequest))
#1 /var/www/periodico/lib/Cake/Routing/Dispatcher.php(161): Dispatcher->_invoke(Object(ContenidosController), Object(CakeRequest), Object(CakeResponse))
#2 /var/www/periodico/app/webroot/index.php(92): Dispatcher->dispatch(Object(CakeRequest), Object(CakeResponse))
#3 {main}
2012-10-24 22:01:47 Error: [MissingActionException] Action ContenidosController::img() could not be found.
#0 /var/www/periodico/lib/Cake/Routing/Dispatcher.php(186): Controller->invokeAction(Object(CakeRequest))
#1 /var/www/periodico/lib/Cake/Routing/Dispatcher.php(161): Dispatcher->_invoke(Object(ContenidosController), Object(CakeRequest), Object(CakeResponse))
#2 /var/www/periodico/app/webroot/index.php(92): Dispatcher->dispatch(Object(CakeRequest), Object(CakeResponse))
#3 {main}
2012-10-24 22:01:47 Error: [MissingActionException] Action ContenidosController::img() could not be found.
#0 /var/www/periodico/lib/Cake/Routing/Dispatcher.php(186): Controller->invokeAction(Object(CakeRequest))
#1 /var/www/periodico/lib/Cake/Routing/Dispatcher.php(161): Dispatcher->_invoke(Object(ContenidosController), Object(CakeRequest), Object(CakeResponse))
#2 /var/www/periodico/app/webroot/index.php(92): Dispatcher->dispatch(Object(CakeRequest), Object(CakeResponse))
#3 {main}
2012-10-24 22:01:47 Error: [MissingActionException] Action ContenidosController::img() could not be found.
#0 /var/www/periodico/lib/Cake/Routing/Dispatcher.php(186): Controller->invokeAction(Object(CakeRequest))
#1 /var/www/periodico/lib/Cake/Routing/Dispatcher.php(161): Dispatcher->_invoke(Object(ContenidosController), Object(CakeRequest), Object(CakeResponse))
#2 /var/www/periodico/app/webroot/index.php(92): Dispatcher->dispatch(Object(CakeRequest), Object(CakeResponse))
#3 {main}
2012-10-24 22:01:47 Error: [MissingActionException] Action ContenidosController::img() could not be found.
#0 /var/www/periodico/lib/Cake/Routing/Dispatcher.php(186): Controller->invokeAction(Object(CakeRequest))
#1 /var/www/periodico/lib/Cake/Routing/Dispatcher.php(161): Dispatcher->_invoke(Object(ContenidosController), Object(CakeRequest), Object(CakeResponse))
#2 /var/www/periodico/app/webroot/index.php(92): Dispatcher->dispatch(Object(CakeRequest), Object(CakeResponse))
#3 {main}
2012-10-24 22:01:47 Error: [MissingActionException] Action ContenidosController::img() could not be found.
#0 /var/www/periodico/lib/Cake/Routing/Dispatcher.php(186): Controller->invokeAction(Object(CakeRequest))
#1 /var/www/periodico/lib/Cake/Routing/Dispatcher.php(161): Dispatcher->_invoke(Object(ContenidosController), Object(CakeRequest), Object(CakeResponse))
#2 /var/www/periodico/app/webroot/index.php(92): Dispatcher->dispatch(Object(CakeRequest), Object(CakeResponse))
#3 {main}
2012-10-24 22:01:47 Error: [MissingActionException] Action ContenidosController::img() could not be found.
#0 /var/www/periodico/lib/Cake/Routing/Dispatcher.php(186): Controller->invokeAction(Object(CakeRequest))
#1 /var/www/periodico/lib/Cake/Routing/Dispatcher.php(161): Dispatcher->_invoke(Object(ContenidosController), Object(CakeRequest), Object(CakeResponse))
#2 /var/www/periodico/app/webroot/index.php(92): Dispatcher->dispatch(Object(CakeRequest), Object(CakeResponse))
#3 {main}
2012-10-24 22:01:47 Error: [MissingActionException] Action ContenidosController::img() could not be found.
#0 /var/www/periodico/lib/Cake/Routing/Dispatcher.php(186): Controller->invokeAction(Object(CakeRequest))
#1 /var/www/periodico/lib/Cake/Routing/Dispatcher.php(161): Dispatcher->_invoke(Object(ContenidosController), Object(CakeRequest), Object(CakeResponse))
#2 /var/www/periodico/app/webroot/index.php(92): Dispatcher->dispatch(Object(CakeRequest), Object(CakeResponse))
#3 {main}
2012-10-24 22:02:59 Error: [MissingViewException] View file "/var/www/periodico/app/View/Pages/img/fotos/thumb_1.jpg.ctp" is missing.
#0 /var/www/periodico/lib/Cake/View/View.php(473): View->_getViewFileName('img/fotos/thumb...')
#1 /var/www/periodico/lib/Cake/Controller/Controller.php(956): View->render('img/fotos/thumb...', NULL)
#2 /var/www/periodico/app/Controller/PagesController.php(73): Controller->render('img/fotos/thumb...')
#3 [internal function]: PagesController->display('img', 'fotos', 'thumb_1.jpg')
#4 /var/www/periodico/lib/Cake/Controller/Controller.php(485): ReflectionMethod->invokeArgs(Object(PagesController), Array)
#5 /var/www/periodico/lib/Cake/Routing/Dispatcher.php(186): Controller->invokeAction(Object(CakeRequest))
#6 /var/www/periodico/lib/Cake/Routing/Dispatcher.php(161): Dispatcher->_invoke(Object(PagesController), Object(CakeRequest), Object(CakeResponse))
#7 /var/www/periodico/app/webroot/index.php(92): Dispatcher->dispatch(Object(CakeRequest), Object(CakeResponse))
#8 {main}
2012-10-24 22:02:59 Error: [MissingViewException] View file "/var/www/periodico/app/View/Pages/img/fotos/foto_1.jpg.ctp" is missing.
#0 /var/www/periodico/lib/Cake/View/View.php(473): View->_getViewFileName('img/fotos/foto_...')
#1 /var/www/periodico/lib/Cake/Controller/Controller.php(956): View->render('img/fotos/foto_...', NULL)
#2 /var/www/periodico/app/Controller/PagesController.php(73): Controller->render('img/fotos/foto_...')
#3 [internal function]: PagesController->display('img', 'fotos', 'foto_1.jpg')
#4 /var/www/periodico/lib/Cake/Controller/Controller.php(485): ReflectionMethod->invokeArgs(Object(PagesController), Array)
#5 /var/www/periodico/lib/Cake/Routing/Dispatcher.php(186): Controller->invokeAction(Object(CakeRequest))
#6 /var/www/periodico/lib/Cake/Routing/Dispatcher.php(161): Dispatcher->_invoke(Object(PagesController), Object(CakeRequest), Object(CakeResponse))
#7 /var/www/periodico/app/webroot/index.php(92): Dispatcher->dispatch(Object(CakeRequest), Object(CakeResponse))
#8 {main}
2012-10-24 22:02:59 Error: [MissingViewException] View file "/var/www/periodico/app/View/Pages/img/fotos/thumb_2.jpg.ctp" is missing.
#0 /var/www/periodico/lib/Cake/View/View.php(473): View->_getViewFileName('img/fotos/thumb...')
#1 /var/www/periodico/lib/Cake/Controller/Controller.php(956): View->render('img/fotos/thumb...', NULL)
#2 /var/www/periodico/app/Controller/PagesController.php(73): Controller->render('img/fotos/thumb...')
#3 [internal function]: PagesController->display('img', 'fotos', 'thumb_2.jpg')
#4 /var/www/periodico/lib/Cake/Controller/Controller.php(485): ReflectionMethod->invokeArgs(Object(PagesController), Array)
#5 /var/www/periodico/lib/Cake/Routing/Dispatcher.php(186): Controller->invokeAction(Object(CakeRequest))
#6 /var/www/periodico/lib/Cake/Routing/Dispatcher.php(161): Dispatcher->_invoke(Object(PagesController), Object(CakeRequest), Object(CakeResponse))
#7 /var/www/periodico/app/webroot/index.php(92): Dispatcher->dispatch(Object(CakeRequest), Object(CakeResponse))
#8 {main}
2012-10-24 22:02:59 Error: [MissingViewException] View file "/var/www/periodico/app/View/Pages/img/fotos/thumb_4.jpg.ctp" is missing.
#0 /var/www/periodico/lib/Cake/View/View.php(473): View->_getViewFileName('img/fotos/thumb...')
#1 /var/www/periodico/lib/Cake/Controller/Controller.php(956): View->render('img/fotos/thumb...', NULL)
#2 /var/www/periodico/app/Controller/PagesController.php(73): Controller->render('img/fotos/thumb...')
#3 [internal function]: PagesController->display('img', 'fotos', 'thumb_4.jpg')
#4 /var/www/periodico/lib/Cake/Controller/Controller.php(485): ReflectionMethod->invokeArgs(Object(PagesController), Array)
#5 /var/www/periodico/lib/Cake/Routing/Dispatcher.php(186): Controller->invokeAction(Object(CakeRequest))
#6 /var/www/periodico/lib/Cake/Routing/Dispatcher.php(161): Dispatcher->_invoke(Object(PagesController), Object(CakeRequest), Object(CakeResponse))
#7 /var/www/periodico/app/webroot/index.php(92): Dispatcher->dispatch(Object(CakeRequest), Object(CakeResponse))
#8 {main}
2012-10-24 22:02:59 Error: [MissingViewException] View file "/var/www/periodico/app/View/Pages/img/fotos/thumb_3.jpg.ctp" is missing.
#0 /var/www/periodico/lib/Cake/View/View.php(473): View->_getViewFileName('img/fotos/thumb...')
#1 /var/www/periodico/lib/Cake/Controller/Controller.php(956): View->render('img/fotos/thumb...', NULL)
#2 /var/www/periodico/app/Controller/PagesController.php(73): Controller->render('img/fotos/thumb...')
#3 [internal function]: PagesController->display('img', 'fotos', 'thumb_3.jpg')
#4 /var/www/periodico/lib/Cake/Controller/Controller.php(485): ReflectionMethod->invokeArgs(Object(PagesController), Array)
#5 /var/www/periodico/lib/Cake/Routing/Dispatcher.php(186): Controller->invokeAction(Object(CakeRequest))
#6 /var/www/periodico/lib/Cake/Routing/Dispatcher.php(161): Dispatcher->_invoke(Object(PagesController), Object(CakeRequest), Object(CakeResponse))
#7 /var/www/periodico/app/webroot/index.php(92): Dispatcher->dispatch(Object(CakeRequest), Object(CakeResponse))
#8 {main}
2012-10-24 22:02:59 Error: [MissingViewException] View file "/var/www/periodico/app/View/Pages/img/fotos/foto_middle_1.gif.ctp" is missing.
#0 /var/www/periodico/lib/Cake/View/View.php(473): View->_getViewFileName('img/fotos/foto_...')
#1 /var/www/periodico/lib/Cake/Controller/Controller.php(956): View->render('img/fotos/foto_...', NULL)
#2 /var/www/periodico/app/Controller/PagesController.php(73): Controller->render('img/fotos/foto_...')
#3 [internal function]: PagesController->display('img', 'fotos', 'foto_middle_1.g...')
#4 /var/www/periodico/lib/Cake/Controller/Controller.php(485): ReflectionMethod->invokeArgs(Object(PagesController), Array)
#5 /var/www/periodico/lib/Cake/Routing/Dispatcher.php(186): Controller->invokeAction(Object(CakeRequest))
#6 /var/www/periodico/lib/Cake/Routing/Dispatcher.php(161): Dispatcher->_invoke(Object(PagesController), Object(CakeRequest), Object(CakeResponse))
#7 /var/www/periodico/app/webroot/index.php(92): Dispatcher->dispatch(Object(CakeRequest), Object(CakeResponse))
#8 {main}
2012-10-24 22:03:00 Error: [MissingViewException] View file "/var/www/periodico/app/View/Pages/img/fotos/pub_1.jpg.ctp" is missing.
#0 /var/www/periodico/lib/Cake/View/View.php(473): View->_getViewFileName('img/fotos/pub_1...')
#1 /var/www/periodico/lib/Cake/Controller/Controller.php(956): View->render('img/fotos/pub_1...', NULL)
#2 /var/www/periodico/app/Controller/PagesController.php(73): Controller->render('img/fotos/pub_1...')
#3 [internal function]: PagesController->display('img', 'fotos', 'pub_1.jpg')
#4 /var/www/periodico/lib/Cake/Controller/Controller.php(485): ReflectionMethod->invokeArgs(Object(PagesController), Array)
#5 /var/www/periodico/lib/Cake/Routing/Dispatcher.php(186): Controller->invokeAction(Object(CakeRequest))
#6 /var/www/periodico/lib/Cake/Routing/Dispatcher.php(161): Dispatcher->_invoke(Object(PagesController), Object(CakeRequest), Object(CakeResponse))
#7 /var/www/periodico/app/webroot/index.php(92): Dispatcher->dispatch(Object(CakeRequest), Object(CakeResponse))
#8 {main}
2012-10-24 22:03:00 Error: [MissingViewException] View file "/var/www/periodico/app/View/Pages/img/fotos/pub_2.jpg.ctp" is missing.
#0 /var/www/periodico/lib/Cake/View/View.php(473): View->_getViewFileName('img/fotos/pub_2...')
#1 /var/www/periodico/lib/Cake/Controller/Controller.php(956): View->render('img/fotos/pub_2...', NULL)
#2 /var/www/periodico/app/Controller/PagesController.php(73): Controller->render('img/fotos/pub_2...')
#3 [internal function]: PagesController->display('img', 'fotos', 'pub_2.jpg')
#4 /var/www/periodico/lib/Cake/Controller/Controller.php(485): ReflectionMethod->invokeArgs(Object(PagesController), Array)
#5 /var/www/periodico/lib/Cake/Routing/Dispatcher.php(186): Controller->invokeAction(Object(CakeRequest))
#6 /var/www/periodico/lib/Cake/Routing/Dispatcher.php(161): Dispatcher->_invoke(Object(PagesController), Object(CakeRequest), Object(CakeResponse))
#7 /var/www/periodico/app/webroot/index.php(92): Dispatcher->dispatch(Object(CakeRequest), Object(CakeResponse))
#8 {main}
2012-10-24 22:06:59 Error: [MissingActionException] Action ContenidosController::clasificados() could not be found.
#0 /var/www/periodico/lib/Cake/Routing/Dispatcher.php(186): Controller->invokeAction(Object(CakeRequest))
#1 /var/www/periodico/lib/Cake/Routing/Dispatcher.php(161): Dispatcher->_invoke(Object(ContenidosController), Object(CakeRequest), Object(CakeResponse))
#2 /var/www/periodico/app/webroot/index.php(92): Dispatcher->dispatch(Object(CakeRequest), Object(CakeResponse))
#3 {main}
2012-10-24 22:15:26 Error: [MissingControllerException] Controller class ImgController could not be found.
#0 /var/www/periodico/app/webroot/index.php(92): Dispatcher->dispatch(Object(CakeRequest), Object(CakeResponse))
#1 {main}
2012-10-24 22:15:52 Error: [MissingControllerException] Controller class ImgController could not be found.
#0 /var/www/periodico/app/webroot/index.php(92): Dispatcher->dispatch(Object(CakeRequest), Object(CakeResponse))
#1 {main}
2012-10-24 22:15:59 Error: [MissingControllerException] Controller class ImgController could not be found.
#0 /var/www/periodico/app/webroot/index.php(92): Dispatcher->dispatch(Object(CakeRequest), Object(CakeResponse))
#1 {main}
2012-10-24 22:25:31 Error: [PDOException] SQLSTATE[42S22]: Column not found: 1054 Unknown column 'conditions' in 'where clause'
#0 /var/www/periodico/lib/Cake/Model/Datasource/DboSource.php(459): PDOStatement->execute(Array)
#1 /var/www/periodico/lib/Cake/Model/Datasource/DboSource.php(425): DboSource->_execute('SELECT `Conteni...', Array)
#2 /var/www/periodico/lib/Cake/Model/Datasource/DboSource.php(669): DboSource->execute('SELECT `Conteni...', Array, Array)
#3 /var/www/periodico/lib/Cake/Model/Datasource/DboSource.php(1080): DboSource->fetchAll('SELECT `Conteni...', false)
#4 /var/www/periodico/lib/Cake/Model/Model.php(2630): DboSource->read(Object(Contenido), Array)
#5 /var/www/periodico/lib/Cake/Controller/Component/PaginatorComponent.php(173): Model->find('all', Array)
#6 /var/www/periodico/lib/Cake/Controller/Controller.php(1081): PaginatorComponent->paginate(Array, Array, Array)
#7 /var/www/periodico/app/Controller/ContenidosController.php(27): Controller->paginate(Array)
#8 [internal function]: ContenidosController->noticias()
#9 /var/www/periodico/lib/Cake/Controller/Controller.php(485): ReflectionMethod->invokeArgs(Object(ContenidosController), Array)
#10 /var/www/periodico/lib/Cake/Routing/Dispatcher.php(186): Controller->invokeAction(Object(CakeRequest))
#11 /var/www/periodico/lib/Cake/Routing/Dispatcher.php(161): Dispatcher->_invoke(Object(ContenidosController), Object(CakeRequest), Object(CakeResponse))
#12 /var/www/periodico/app/webroot/index.php(92): Dispatcher->dispatch(Object(CakeRequest), Object(CakeResponse))
#13 {main}
2012-10-24 22:29:12 Error: Fatal Error (4): syntax error, unexpected ')' in [/var/www/periodico/app/Controller/ContenidosController.php, line 24]
2012-10-24 22:29:12 Error: [FatalErrorException] syntax error, unexpected ')'
#0 /var/www/periodico/lib/Cake/Error/ErrorHandler.php(161): ErrorHandler::handleFatalError(4, 'syntax error, u...', '/var/www/period...', 24)
#1 [internal function]: ErrorHandler::handleError(4, 'syntax error, u...', '/var/www/period...', 24, Array)
#2 /var/www/periodico/lib/Cake/Core/App.php(926): call_user_func('ErrorHandler::h...', 4, 'syntax error, u...', '/var/www/period...', 24, Array)
#3 /var/www/periodico/lib/Cake/Core/App.php(899): App::_checkFatalError()
#4 [internal function]: App::shutdown()
#5 {main}
2012-10-24 22:39:48 Error: Fatal Error (4): syntax error, unexpected '{' in [/var/www/periodico/app/Controller/ContenidosController.php, line 22]
2012-10-24 22:39:48 Error: [FatalErrorException] syntax error, unexpected '{'
#0 /var/www/periodico/lib/Cake/Error/ErrorHandler.php(161): ErrorHandler::handleFatalError(4, 'syntax error, u...', '/var/www/period...', 22)
#1 [internal function]: ErrorHandler::handleError(4, 'syntax error, u...', '/var/www/period...', 22, Array)
#2 /var/www/periodico/lib/Cake/Core/App.php(926): call_user_func('ErrorHandler::h...', 4, 'syntax error, u...', '/var/www/period...', 22, Array)
#3 /var/www/periodico/lib/Cake/Core/App.php(899): App::_checkFatalError()
#4 [internal function]: App::shutdown()
#5 {main}
2012-10-24 22:55:33 Error: [MissingActionException] Action ContenidosController::clasificados() could not be found.
#0 /var/www/periodico/lib/Cake/Routing/Dispatcher.php(186): Controller->invokeAction(Object(CakeRequest))
#1 /var/www/periodico/lib/Cake/Routing/Dispatcher.php(161): Dispatcher->_invoke(Object(ContenidosController), Object(CakeRequest), Object(CakeResponse))
#2 /var/www/periodico/app/webroot/index.php(92): Dispatcher->dispatch(Object(CakeRequest), Object(CakeResponse))
#3 {main}
2012-10-24 22:59:40 Error: [MissingControllerException] Controller class ImgController could not be found.
#0 /var/www/periodico/app/webroot/index.php(92): Dispatcher->dispatch(Object(CakeRequest), Object(CakeResponse))
#1 {main}
2012-10-24 23:00:44 Error: [MissingControllerException] Controller class ImgController could not be found.
#0 /var/www/periodico/app/webroot/index.php(92): Dispatcher->dispatch(Object(CakeRequest), Object(CakeResponse))
#1 {main}
2012-10-24 23:02:59 Error: [MissingControllerException] Controller class ImgController could not be found.
#0 /var/www/periodico/app/webroot/index.php(92): Dispatcher->dispatch(Object(CakeRequest), Object(CakeResponse))
#1 {main}
2012-10-24 23:03:06 Error: [MissingControllerException] Controller class ImgController could not be found.
#0 /var/www/periodico/app/webroot/index.php(92): Dispatcher->dispatch(Object(CakeRequest), Object(CakeResponse))
#1 {main}
2012-10-24 23:08:51 Error: [MissingViewException] View file "/var/www/periodico/app/View/Pages/view/7.ctp" is missing.
#0 /var/www/periodico/lib/Cake/View/View.php(473): View->_getViewFileName('view/7')
#1 /var/www/periodico/lib/Cake/Controller/Controller.php(956): View->render('view/7', NULL)
#2 /var/www/periodico/app/Controller/PagesController.php(73): Controller->render('view/7')
#3 [internal function]: PagesController->display('view', '7')
#4 /var/www/periodico/lib/Cake/Controller/Controller.php(485): ReflectionMethod->invokeArgs(Object(PagesController), Array)
#5 /var/www/periodico/lib/Cake/Routing/Dispatcher.php(186): Controller->invokeAction(Object(CakeRequest))
#6 /var/www/periodico/lib/Cake/Routing/Dispatcher.php(161): Dispatcher->_invoke(Object(PagesController), Object(CakeRequest), Object(CakeResponse))
#7 /var/www/periodico/app/webroot/index.php(92): Dispatcher->dispatch(Object(CakeRequest), Object(CakeResponse))
#8 {main}
2012-10-24 23:09:19 Error: [MissingViewException] View file "/var/www/periodico/app/View/Pages/view/7.ctp" is missing.
#0 /var/www/periodico/lib/Cake/View/View.php(473): View->_getViewFileName('view/7')
#1 /var/www/periodico/lib/Cake/Controller/Controller.php(956): View->render('view/7', NULL)
#2 /var/www/periodico/app/Controller/PagesController.php(73): Controller->render('view/7')
#3 [internal function]: PagesController->display('view', '7')
#4 /var/www/periodico/lib/Cake/Controller/Controller.php(485): ReflectionMethod->invokeArgs(Object(PagesController), Array)
#5 /var/www/periodico/lib/Cake/Routing/Dispatcher.php(186): Controller->invokeAction(Object(CakeRequest))
#6 /var/www/periodico/lib/Cake/Routing/Dispatcher.php(161): Dispatcher->_invoke(Object(PagesController), Object(CakeRequest), Object(CakeResponse))
#7 /var/www/periodico/app/webroot/index.php(92): Dispatcher->dispatch(Object(CakeRequest), Object(CakeResponse))
#8 {main}
2012-10-24 23:14:06 Error: [NotFoundException] Invalid contenido
#0 [internal function]: ContenidosController->view('Gestionan diput...')
#1 /var/www/periodico/lib/Cake/Controller/Controller.php(485): ReflectionMethod->invokeArgs(Object(ContenidosController), Array)
#2 /var/www/periodico/lib/Cake/Routing/Dispatcher.php(186): Controller->invokeAction(Object(CakeRequest))
#3 /var/www/periodico/lib/Cake/Routing/Dispatcher.php(161): Dispatcher->_invoke(Object(ContenidosController), Object(CakeRequest), Object(CakeResponse))
#4 /var/www/periodico/app/webroot/index.php(92): Dispatcher->dispatch(Object(CakeRequest), Object(CakeResponse))
#5 {main}
